#
# There is insufficient memory for the Java Runtime Environment to continue.
# Native memory allocation (malloc) failed to allocate 177600 bytes. Error detail: Chunk::new
# Possible reasons:
#   The system is out of physical RAM or swap space
#   This process is running with CompressedOops enabled, and the Java Heap may be blocking the growth of the native heap
# Possible solutions:
#   Reduce memory load on the system
#   Increase physical memory or swap space
#   Check if swap backing store is full
#   Decrease Java heap size (-Xmx/-Xms)
#   Decrease number of Java threads
#   Decrease Java thread stack sizes (-Xss)
#   Set larger code cache with -XX:ReservedCodeCacheSize=
#   JVM is running with Unscaled Compressed Oops mode in which the Java heap is
#     placed in the first 4GB address space. The Java Heap base address is the
#     maximum limit for the native heap growth. Please use -XX:HeapBaseMinAddress
#     to set the Java Heap base and to place the Java Heap above 4GB virtual address.
# This output file may be truncated or incomplete.
#
#  Out of Memory Error (arena.cpp:168), pid=1240, tid=15372
#
# JRE version: OpenJDK Runtime Environment JBR-21.0.9+1-1038.78-jcef (21.0.9+1) (build 21.0.9+1-b1038.78)
# Java VM: OpenJDK 64-Bit Server VM JBR-21.0.9+1-1038.78-jcef (21.0.9+1-b1038.78, mixed mode, sharing, tiered, compressed oops, compressed class ptrs, g1 gc, windows-amd64)
# No core dump will be written. Minidumps are not enabled by default on client versions of Windows
#

---------------  S U M M A R Y ------------

Command Line: -Djava.rmi.server.hostname=127.0.0.1 -Duser.timezone=UTC -Xmx2048m -Xms128m -Djdbc.classpath=C:\Users\dilar\AppData\Local\Temp\RemoteDriver7.classpath.txt --add-exports=java.desktop/sun.awt=ALL-UNNAMED --add-exports=java.desktop/java.awt.peer=ALL-UNNAMED --add-opens=java.desktop/java.awt=ALL-UNNAMED --add-opens=jdk.unsupported/sun.misc=ALL-UNNAMED --add-opens=java.base/java.nio=ALL-UNNAMED --add-opens=java.base/java.util=ALL-UNNAMED -Dfile.encoding=UTF-8 -Dsun.stdout.encoding=UTF-8 -Dsun.stderr.encoding=UTF-8 com.intellij.database.remote.RemoteJdbcServer com.mysql.cj.jdbc.Driver

Host: 11th Gen Intel(R) Core(TM) i5-1135G7 @ 2.40GHz, 8 cores, 11G,  Windows 11 , 64 bit Build 26100 (10.0.26100.8246)
Time: Sat Apr 18 23:54:19 2026 T僡kiye Standart Saati elapsed time: 10.902815 seconds (0d 0h 0m 10s)

---------------  T H R E A D  ---------------

Current thread (0x000001ceb77c4d90):  JavaThread "C2 CompilerThread0" daemon [_thread_in_native, id=15372, stack(0x0000007021700000,0x0000007021800000) (1024K)]


Current CompileTask:
C2:10902 1956       4       java.text.MessageFormat::applyPattern (422 bytes)

Stack: [0x0000007021700000,0x0000007021800000]
Native frames: (J=compiled Java code, j=interpreted, Vv=VM code, C=native code)
V  [jvm.dll+0x6ec259]
V  [jvm.dll+0x8cc383]
V  [jvm.dll+0x8ce99e]
V  [jvm.dll+0x8cf083]
V  [jvm.dll+0x28b006]
V  [jvm.dll+0xc6f3d]
V  [jvm.dll+0xc7473]
V  [jvm.dll+0x3c7dfb]
V  [jvm.dll+0x1e72db]
V  [jvm.dll+0x2520f4]
V  [jvm.dll+0x251571]
V  [jvm.dll+0x1ceb04]
V  [jvm.dll+0x260e0e]
V  [jvm.dll+0x25f356]
V  [jvm.dll+0x4031b6]
V  [jvm.dll+0x874098]
V  [jvm.dll+0x6ea9dd]
C  [ucrtbase.dll+0x37b0]
C  [KERNEL32.DLL+0x2e8d7]
C  [ntdll.dll+0x8c3fc]


---------------  P R O C E S S  ---------------

Threads class SMR info:
_java_thread_list=0x000001cefe627c60, length=22, elements={
0x000001ce9cda7630, 0x000001ceb77b44c0, 0x000001ceb77b8ca0, 0x000001ceb77b9980,
0x000001ceb77be120, 0x000001ceb77beb80, 0x000001ceb77c1190, 0x000001ceb77c4000,
0x000001ceb77c4d90, 0x000001ceb77c7270, 0x000001ceb7a44690, 0x000001cefe059180,
0x000001cefe08c460, 0x000001cefe08cad0, 0x000001cefe08d140, 0x000001cefe0eac20,
0x000001ceb7ae6420, 0x000001cefe1a12e0, 0x000001cefe1a1950, 0x000001ceb7cd3e60,
0x000001ceb7cd58a0, 0x000001ceb7cd5f30
}

Java Threads: ( => current thread )
  0x000001ce9cda7630 JavaThread "main"                              [_thread_blocked, id=10128, stack(0x0000007020800000,0x0000007020900000) (1024K)]
  0x000001ceb77b44c0 JavaThread "Common-Cleaner"             daemon [_thread_blocked, id=6552, stack(0x0000007021000000,0x0000007021100000) (1024K)]
  0x000001ceb77b8ca0 JavaThread "Reference Handler"          daemon [_thread_blocked, id=6856, stack(0x0000007021100000,0x0000007021200000) (1024K)]
  0x000001ceb77b9980 JavaThread "Finalizer"                  daemon [_thread_blocked, id=15540, stack(0x0000007021200000,0x0000007021300000) (1024K)]
  0x000001ceb77be120 JavaThread "Signal Dispatcher"          daemon [_thread_blocked, id=14000, stack(0x0000007021300000,0x0000007021400000) (1024K)]
  0x000001ceb77beb80 JavaThread "Attach Listener"            daemon [_thread_blocked, id=12240, stack(0x0000007021400000,0x0000007021500000) (1024K)]
  0x000001ceb77c1190 JavaThread "Service Thread"             daemon [_thread_blocked, id=2908, stack(0x0000007021500000,0x0000007021600000) (1024K)]
  0x000001ceb77c4000 JavaThread "Monitor Deflation Thread"   daemon [_thread_blocked, id=6368, stack(0x0000007021600000,0x0000007021700000) (1024K)]
=>0x000001ceb77c4d90 JavaThread "C2 CompilerThread0"         daemon [_thread_in_native, id=15372, stack(0x0000007021700000,0x0000007021800000) (1024K)]
  0x000001ceb77c7270 JavaThread "C1 CompilerThread0"         daemon [_thread_blocked, id=12232, stack(0x0000007021800000,0x0000007021900000) (1024K)]
  0x000001ceb7a44690 JavaThread "Notification Thread"        daemon [_thread_blocked, id=11192, stack(0x0000007021900000,0x0000007021a00000) (1024K)]
  0x000001cefe059180 JavaThread "RMI TCP Accept-26519"       daemon [_thread_in_native, id=14444, stack(0x0000007021a00000,0x0000007021b00000) (1024K)]
  0x000001cefe08c460 JavaThread "RMI TCP Accept-0"           daemon [_thread_in_native, id=9900, stack(0x0000007021b00000,0x0000007021c00000) (1024K)]
  0x000001cefe08cad0 JavaThread "RMI Reaper"                        [_thread_blocked, id=1788, stack(0x0000007021c00000,0x0000007021d00000) (1024K)]
  0x000001cefe08d140 JavaThread "RMI GC Daemon"              daemon [_thread_blocked, id=9640, stack(0x0000007021d00000,0x0000007021e00000) (1024K)]
  0x000001cefe0eac20 JavaThread "RMI TCP Connection(2)-127.0.0.1" daemon [_thread_in_native, id=10624, stack(0x0000007021e00000,0x0000007021f00000) (1024K)]
  0x000001ceb7ae6420 JavaThread "RMI TCP Connection(1)-127.0.0.1" daemon [_thread_in_native, id=14912, stack(0x0000007021f00000,0x0000007022000000) (1024K)]
  0x000001cefe1a12e0 JavaThread "RMI Scheduler(0)"           daemon [_thread_blocked, id=4296, stack(0x0000007022000000,0x0000007022100000) (1024K)]
  0x000001cefe1a1950 JavaThread "RMI TCP Connection(3)-127.0.0.1" daemon [_thread_in_vm, id=6920, stack(0x0000007022100000,0x0000007022200000) (1024K)]
  0x000001ceb7cd3e60 JavaThread "RMI TCP Connection(4)-127.0.0.1" daemon [_thread_in_native, id=5340, stack(0x0000007022200000,0x0000007022300000) (1024K)]
  0x000001ceb7cd58a0 JavaThread "RMI RenewClean-[127.0.0.1:49735]" daemon [_thread_blocked, id=8044, stack(0x0000007022300000,0x0000007022400000) (1024K)]
  0x000001ceb7cd5f30 JavaThread "mysql-cj-abandoned-connection-cleanup" daemon [_thread_blocked, id=11524, stack(0x0000007022500000,0x0000007022600000) (1024K)]
Total: 22

Other Threads:
  0x000001ceb7791b60 VMThread "VM Thread"                           [id=14876, stack(0x0000007020f00000,0x0000007021000000) (1024K)]
  0x000001ceb7782380 WatcherThread "VM Periodic Task Thread"        [id=2568, stack(0x0000007020e00000,0x0000007020f00000) (1024K)]
  0x000001ce9f2551c0 WorkerThread "GC Thread#0"                     [id=4052, stack(0x0000007020900000,0x0000007020a00000) (1024K)]
  0x000001cefe2cfdf0 WorkerThread "GC Thread#1"                     [id=4376, stack(0x0000007022400000,0x0000007022500000) (1024K)]
  0x000001cefe2bde20 WorkerThread "GC Thread#2"                     [id=13348, stack(0x0000007022600000,0x0000007022700000) (1024K)]
  0x000001cefe2be1c0 WorkerThread "GC Thread#3"                     [id=9704, stack(0x0000007022700000,0x0000007022800000) (1024K)]
  0x000001cefe2e2f90 WorkerThread "GC Thread#4"                     [id=13128, stack(0x0000007022800000,0x0000007022900000) (1024K)]
  0x000001cefe1ffcc0 WorkerThread "GC Thread#5"                     [id=6820, stack(0x0000007022900000,0x0000007022a00000) (1024K)]
  0x000001cefe200060 WorkerThread "GC Thread#6"                     [id=14740, stack(0x0000007022a00000,0x0000007022b00000) (1024K)]
  0x000001cefe200400 WorkerThread "GC Thread#7"                     [id=13460, stack(0x0000007022b00000,0x0000007022c00000) (1024K)]
  0x000001ce9f2660b0 ConcurrentGCThread "G1 Main Marker"            [id=13296, stack(0x0000007020a00000,0x0000007020b00000) (1024K)]
  0x000001ce9f266ac0 WorkerThread "G1 Conc#0"                       [id=10908, stack(0x0000007020b00000,0x0000007020c00000) (1024K)]
  0x000001ceb7642560 ConcurrentGCThread "G1 Refine#0"               [id=1984, stack(0x0000007020c00000,0x0000007020d00000) (1024K)]
  0x000001ceb7642ee0 ConcurrentGCThread "G1 Service"                [id=4032, stack(0x0000007020d00000,0x0000007020e00000) (1024K)]
Total: 14

Threads with active compile tasks:
C2 CompilerThread0  10944 1956       4       java.text.MessageFormat::applyPattern (422 bytes)
Total: 1

VM state: not at safepoint (normal execution)

VM Mutex/Monitor currently owned by a thread: None

Heap address: 0x0000000080000000, size: 2048 MB, Compressed Oops mode: 32-bit

CDS archive(s) mapped at: [0x000001ceb8000000-0x000001ceb9c20000-0x000001ceb9c20000), size 29491200, SharedBaseAddress: 0x000001ceb8000000, ArchiveRelocationMode: 1.
Compressed class space mapped at: 0x000001ceba000000-0x000001cefa000000, reserved size: 1073741824
Narrow klass base: 0x000001ceb8000000, Narrow klass shift: 0, Narrow klass range: 0x100000000

GC Precious Log:
 CardTable entry size: 512
 Card Set container configuration: InlinePtr #cards 5 size 8 Array Of Cards #cards 12 size 40 Howl #buckets 4 coarsen threshold 1843 Howl Bitmap #cards 512 size 80 coarsen threshold 460 Card regions per heap region 1 cards per card region 2048
 CPUs: 8 total, 8 available
 Memory: 12087M
 Large Page Support: Disabled
 NUMA Support: Disabled
 Compressed Oops: Enabled (32-bit)
 Heap Region Size: 1M
 Heap Min Capacity: 128M
 Heap Initial Capacity: 128M
 Heap Max Capacity: 2G
 Pre-touch: Disabled
 Parallel Workers: 8
 Concurrent Workers: 2
 Concurrent Refinement Workers: 8
 Periodic GC: Disabled

Heap:
 garbage-first heap   total 131072K, used 22400K [0x0000000080000000, 0x0000000100000000)
  region size 1024K, 18 young (18432K), 3 survivors (3072K)
 Metaspace       used 8769K, committed 9152K, reserved 1114112K
  class space    used 1097K, committed 1280K, reserved 1048576K

Heap Regions: E=young(eden), S=young(survivor), O=old, HS=humongous(starts), HC=humongous(continues), CS=collection set, F=free, TAMS=top-at-mark-start, PB=parsable bottom
|   0|0x0000000080000000, 0x0000000080100000, 0x0000000080100000|100%|HS|  |TAMS 0x0000000080000000| PB 0x0000000080000000| Complete 
|   1|0x0000000080100000, 0x0000000080200000, 0x0000000080200000|100%|HC|  |TAMS 0x0000000080100000| PB 0x0000000080100000| Complete 
|   2|0x0000000080200000, 0x0000000080300000, 0x0000000080300000|100%|HS|  |TAMS 0x0000000080200000| PB 0x0000000080200000| Complete 
|   3|0x0000000080300000, 0x0000000080400000, 0x0000000080400000|100%|HS|  |TAMS 0x0000000080300000| PB 0x0000000080300000| Complete 
|   4|0x0000000080400000, 0x0000000080500000, 0x0000000080500000|100%| O|  |TAMS 0x0000000080400000| PB 0x0000000080400000| Untracked 
|   5|0x0000000080500000, 0x00000000805e0000, 0x0000000080600000| 87%| O|  |TAMS 0x0000000080500000| PB 0x0000000080500000| Untracked 
|   6|0x0000000080600000, 0x0000000080600000, 0x0000000080700000|  0%| F|  |TAMS 0x0000000080600000| PB 0x0000000080600000| Untracked 
|   7|0x0000000080700000, 0x0000000080700000, 0x0000000080800000|  0%| F|  |TAMS 0x0000000080700000| PB 0x0000000080700000| Untracked 
|   8|0x0000000080800000, 0x0000000080800000, 0x0000000080900000|  0%| F|  |TAMS 0x0000000080800000| PB 0x0000000080800000| Untracked 
|   9|0x0000000080900000, 0x0000000080900000, 0x0000000080a00000|  0%| F|  |TAMS 0x0000000080900000| PB 0x0000000080900000| Untracked 
|  10|0x0000000080a00000, 0x0000000080a00000, 0x0000000080b00000|  0%| F|  |TAMS 0x0000000080a00000| PB 0x0000000080a00000| Untracked 
|  11|0x0000000080b00000, 0x0000000080b00000, 0x0000000080c00000|  0%| F|  |TAMS 0x0000000080b00000| PB 0x0000000080b00000| Untracked 
|  12|0x0000000080c00000, 0x0000000080c00000, 0x0000000080d00000|  0%| F|  |TAMS 0x0000000080c00000| PB 0x0000000080c00000| Untracked 
|  13|0x0000000080d00000, 0x0000000080d00000, 0x0000000080e00000|  0%| F|  |TAMS 0x0000000080d00000| PB 0x0000000080d00000| Untracked 
|  14|0x0000000080e00000, 0x0000000080e00000, 0x0000000080f00000|  0%| F|  |TAMS 0x0000000080e00000| PB 0x0000000080e00000| Untracked 
|  15|0x0000000080f00000, 0x0000000080f00000, 0x0000000081000000|  0%| F|  |TAMS 0x0000000080f00000| PB 0x0000000080f00000| Untracked 
|  16|0x0000000081000000, 0x0000000081000000, 0x0000000081100000|  0%| F|  |TAMS 0x0000000081000000| PB 0x0000000081000000| Untracked 
|  17|0x0000000081100000, 0x0000000081100000, 0x0000000081200000|  0%| F|  |TAMS 0x0000000081100000| PB 0x0000000081100000| Untracked 
|  18|0x0000000081200000, 0x0000000081200000, 0x0000000081300000|  0%| F|  |TAMS 0x0000000081200000| PB 0x0000000081200000| Untracked 
|  19|0x0000000081300000, 0x0000000081300000, 0x0000000081400000|  0%| F|  |TAMS 0x0000000081300000| PB 0x0000000081300000| Untracked 
|  20|0x0000000081400000, 0x0000000081400000, 0x0000000081500000|  0%| F|  |TAMS 0x0000000081400000| PB 0x0000000081400000| Untracked 
|  21|0x0000000081500000, 0x0000000081500000, 0x0000000081600000|  0%| F|  |TAMS 0x0000000081500000| PB 0x0000000081500000| Untracked 
|  22|0x0000000081600000, 0x0000000081600000, 0x0000000081700000|  0%| F|  |TAMS 0x0000000081600000| PB 0x0000000081600000| Untracked 
|  23|0x0000000081700000, 0x0000000081700000, 0x0000000081800000|  0%| F|  |TAMS 0x0000000081700000| PB 0x0000000081700000| Untracked 
|  24|0x0000000081800000, 0x0000000081800000, 0x0000000081900000|  0%| F|  |TAMS 0x0000000081800000| PB 0x0000000081800000| Untracked 
|  25|0x0000000081900000, 0x0000000081900000, 0x0000000081a00000|  0%| F|  |TAMS 0x0000000081900000| PB 0x0000000081900000| Untracked 
|  26|0x0000000081a00000, 0x0000000081a00000, 0x0000000081b00000|  0%| F|  |TAMS 0x0000000081a00000| PB 0x0000000081a00000| Untracked 
|  27|0x0000000081b00000, 0x0000000081b00000, 0x0000000081c00000|  0%| F|  |TAMS 0x0000000081b00000| PB 0x0000000081b00000| Untracked 
|  28|0x0000000081c00000, 0x0000000081c00000, 0x0000000081d00000|  0%| F|  |TAMS 0x0000000081c00000| PB 0x0000000081c00000| Untracked 
|  29|0x0000000081d00000, 0x0000000081d00000, 0x0000000081e00000|  0%| F|  |TAMS 0x0000000081d00000| PB 0x0000000081d00000| Untracked 
|  30|0x0000000081e00000, 0x0000000081e00000, 0x0000000081f00000|  0%| F|  |TAMS 0x0000000081e00000| PB 0x0000000081e00000| Untracked 
|  31|0x0000000081f00000, 0x0000000081f00000, 0x0000000082000000|  0%| F|  |TAMS 0x0000000081f00000| PB 0x0000000081f00000| Untracked 
|  32|0x0000000082000000, 0x0000000082000000, 0x0000000082100000|  0%| F|  |TAMS 0x0000000082000000| PB 0x0000000082000000| Untracked 
|  33|0x0000000082100000, 0x0000000082100000, 0x0000000082200000|  0%| F|  |TAMS 0x0000000082100000| PB 0x0000000082100000| Untracked 
|  34|0x0000000082200000, 0x0000000082200000, 0x0000000082300000|  0%| F|  |TAMS 0x0000000082200000| PB 0x0000000082200000| Untracked 
|  35|0x0000000082300000, 0x0000000082300000, 0x0000000082400000|  0%| F|  |TAMS 0x0000000082300000| PB 0x0000000082300000| Untracked 
|  36|0x0000000082400000, 0x0000000082400000, 0x0000000082500000|  0%| F|  |TAMS 0x0000000082400000| PB 0x0000000082400000| Untracked 
|  37|0x0000000082500000, 0x0000000082500000, 0x0000000082600000|  0%| F|  |TAMS 0x0000000082500000| PB 0x0000000082500000| Untracked 
|  38|0x0000000082600000, 0x0000000082600000, 0x0000000082700000|  0%| F|  |TAMS 0x0000000082600000| PB 0x0000000082600000| Untracked 
|  39|0x0000000082700000, 0x0000000082700000, 0x0000000082800000|  0%| F|  |TAMS 0x0000000082700000| PB 0x0000000082700000| Untracked 
|  40|0x0000000082800000, 0x0000000082800000, 0x0000000082900000|  0%| F|  |TAMS 0x0000000082800000| PB 0x0000000082800000| Untracked 
|  41|0x0000000082900000, 0x0000000082900000, 0x0000000082a00000|  0%| F|  |TAMS 0x0000000082900000| PB 0x0000000082900000| Untracked 
|  42|0x0000000082a00000, 0x0000000082a00000, 0x0000000082b00000|  0%| F|  |TAMS 0x0000000082a00000| PB 0x0000000082a00000| Untracked 
|  43|0x0000000082b00000, 0x0000000082b00000, 0x0000000082c00000|  0%| F|  |TAMS 0x0000000082b00000| PB 0x0000000082b00000| Untracked 
|  44|0x0000000082c00000, 0x0000000082c00000, 0x0000000082d00000|  0%| F|  |TAMS 0x0000000082c00000| PB 0x0000000082c00000| Untracked 
|  45|0x0000000082d00000, 0x0000000082d00000, 0x0000000082e00000|  0%| F|  |TAMS 0x0000000082d00000| PB 0x0000000082d00000| Untracked 
|  46|0x0000000082e00000, 0x0000000082e00000, 0x0000000082f00000|  0%| F|  |TAMS 0x0000000082e00000| PB 0x0000000082e00000| Untracked 
|  47|0x0000000082f00000, 0x0000000082f00000, 0x0000000083000000|  0%| F|  |TAMS 0x0000000082f00000| PB 0x0000000082f00000| Untracked 
|  48|0x0000000083000000, 0x0000000083000000, 0x0000000083100000|  0%| F|  |TAMS 0x0000000083000000| PB 0x0000000083000000| Untracked 
|  49|0x0000000083100000, 0x0000000083100000, 0x0000000083200000|  0%| F|  |TAMS 0x0000000083100000| PB 0x0000000083100000| Untracked 
|  50|0x0000000083200000, 0x0000000083200000, 0x0000000083300000|  0%| F|  |TAMS 0x0000000083200000| PB 0x0000000083200000| Untracked 
|  51|0x0000000083300000, 0x0000000083300000, 0x0000000083400000|  0%| F|  |TAMS 0x0000000083300000| PB 0x0000000083300000| Untracked 
|  52|0x0000000083400000, 0x0000000083400000, 0x0000000083500000|  0%| F|  |TAMS 0x0000000083400000| PB 0x0000000083400000| Untracked 
|  53|0x0000000083500000, 0x0000000083500000, 0x0000000083600000|  0%| F|  |TAMS 0x0000000083500000| PB 0x0000000083500000| Untracked 
|  54|0x0000000083600000, 0x0000000083600000, 0x0000000083700000|  0%| F|  |TAMS 0x0000000083600000| PB 0x0000000083600000| Untracked 
|  55|0x0000000083700000, 0x0000000083700000, 0x0000000083800000|  0%| F|  |TAMS 0x0000000083700000| PB 0x0000000083700000| Untracked 
|  56|0x0000000083800000, 0x0000000083800000, 0x0000000083900000|  0%| F|  |TAMS 0x0000000083800000| PB 0x0000000083800000| Untracked 
|  57|0x0000000083900000, 0x0000000083900000, 0x0000000083a00000|  0%| F|  |TAMS 0x0000000083900000| PB 0x0000000083900000| Untracked 
|  58|0x0000000083a00000, 0x0000000083a00000, 0x0000000083b00000|  0%| F|  |TAMS 0x0000000083a00000| PB 0x0000000083a00000| Untracked 
|  59|0x0000000083b00000, 0x0000000083b00000, 0x0000000083c00000|  0%| F|  |TAMS 0x0000000083b00000| PB 0x0000000083b00000| Untracked 
|  60|0x0000000083c00000, 0x0000000083c00000, 0x0000000083d00000|  0%| F|  |TAMS 0x0000000083c00000| PB 0x0000000083c00000| Untracked 
|  61|0x0000000083d00000, 0x0000000083d00000, 0x0000000083e00000|  0%| F|  |TAMS 0x0000000083d00000| PB 0x0000000083d00000| Untracked 
|  62|0x0000000083e00000, 0x0000000083e00000, 0x0000000083f00000|  0%| F|  |TAMS 0x0000000083e00000| PB 0x0000000083e00000| Untracked 
|  63|0x0000000083f00000, 0x0000000083f00000, 0x0000000084000000|  0%| F|  |TAMS 0x0000000083f00000| PB 0x0000000083f00000| Untracked 
|  64|0x0000000084000000, 0x0000000084000000, 0x0000000084100000|  0%| F|  |TAMS 0x0000000084000000| PB 0x0000000084000000| Untracked 
|  65|0x0000000084100000, 0x0000000084100000, 0x0000000084200000|  0%| F|  |TAMS 0x0000000084100000| PB 0x0000000084100000| Untracked 
|  66|0x0000000084200000, 0x0000000084200000, 0x0000000084300000|  0%| F|  |TAMS 0x0000000084200000| PB 0x0000000084200000| Untracked 
|  67|0x0000000084300000, 0x0000000084300000, 0x0000000084400000|  0%| F|  |TAMS 0x0000000084300000| PB 0x0000000084300000| Untracked 
|  68|0x0000000084400000, 0x0000000084400000, 0x0000000084500000|  0%| F|  |TAMS 0x0000000084400000| PB 0x0000000084400000| Untracked 
|  69|0x0000000084500000, 0x0000000084500000, 0x0000000084600000|  0%| F|  |TAMS 0x0000000084500000| PB 0x0000000084500000| Untracked 
|  70|0x0000000084600000, 0x0000000084600000, 0x0000000084700000|  0%| F|  |TAMS 0x0000000084600000| PB 0x0000000084600000| Untracked 
|  71|0x0000000084700000, 0x0000000084700000, 0x0000000084800000|  0%| F|  |TAMS 0x0000000084700000| PB 0x0000000084700000| Untracked 
|  72|0x0000000084800000, 0x0000000084800000, 0x0000000084900000|  0%| F|  |TAMS 0x0000000084800000| PB 0x0000000084800000| Untracked 
|  73|0x0000000084900000, 0x0000000084900000, 0x0000000084a00000|  0%| F|  |TAMS 0x0000000084900000| PB 0x0000000084900000| Untracked 
|  74|0x0000000084a00000, 0x0000000084a00000, 0x0000000084b00000|  0%| F|  |TAMS 0x0000000084a00000| PB 0x0000000084a00000| Untracked 
|  75|0x0000000084b00000, 0x0000000084b00000, 0x0000000084c00000|  0%| F|  |TAMS 0x0000000084b00000| PB 0x0000000084b00000| Untracked 
|  76|0x0000000084c00000, 0x0000000084c00000, 0x0000000084d00000|  0%| F|  |TAMS 0x0000000084c00000| PB 0x0000000084c00000| Untracked 
|  77|0x0000000084d00000, 0x0000000084d00000, 0x0000000084e00000|  0%| F|  |TAMS 0x0000000084d00000| PB 0x0000000084d00000| Untracked 
|  78|0x0000000084e00000, 0x0000000084e00000, 0x0000000084f00000|  0%| F|  |TAMS 0x0000000084e00000| PB 0x0000000084e00000| Untracked 
|  79|0x0000000084f00000, 0x0000000084f00000, 0x0000000085000000|  0%| F|  |TAMS 0x0000000084f00000| PB 0x0000000084f00000| Untracked 
|  80|0x0000000085000000, 0x0000000085000000, 0x0000000085100000|  0%| F|  |TAMS 0x0000000085000000| PB 0x0000000085000000| Untracked 
|  81|0x0000000085100000, 0x0000000085100000, 0x0000000085200000|  0%| F|  |TAMS 0x0000000085100000| PB 0x0000000085100000| Untracked 
|  82|0x0000000085200000, 0x0000000085200000, 0x0000000085300000|  0%| F|  |TAMS 0x0000000085200000| PB 0x0000000085200000| Untracked 
|  83|0x0000000085300000, 0x0000000085300000, 0x0000000085400000|  0%| F|  |TAMS 0x0000000085300000| PB 0x0000000085300000| Untracked 
|  84|0x0000000085400000, 0x0000000085400000, 0x0000000085500000|  0%| F|  |TAMS 0x0000000085400000| PB 0x0000000085400000| Untracked 
|  85|0x0000000085500000, 0x0000000085500000, 0x0000000085600000|  0%| F|  |TAMS 0x0000000085500000| PB 0x0000000085500000| Untracked 
|  86|0x0000000085600000, 0x0000000085600000, 0x0000000085700000|  0%| F|  |TAMS 0x0000000085600000| PB 0x0000000085600000| Untracked 
|  87|0x0000000085700000, 0x0000000085700000, 0x0000000085800000|  0%| F|  |TAMS 0x0000000085700000| PB 0x0000000085700000| Untracked 
|  88|0x0000000085800000, 0x0000000085800000, 0x0000000085900000|  0%| F|  |TAMS 0x0000000085800000| PB 0x0000000085800000| Untracked 
|  89|0x0000000085900000, 0x0000000085900000, 0x0000000085a00000|  0%| F|  |TAMS 0x0000000085900000| PB 0x0000000085900000| Untracked 
|  90|0x0000000085a00000, 0x0000000085a00000, 0x0000000085b00000|  0%| F|  |TAMS 0x0000000085a00000| PB 0x0000000085a00000| Untracked 
|  91|0x0000000085b00000, 0x0000000085b00000, 0x0000000085c00000|  0%| F|  |TAMS 0x0000000085b00000| PB 0x0000000085b00000| Untracked 
|  92|0x0000000085c00000, 0x0000000085c00000, 0x0000000085d00000|  0%| F|  |TAMS 0x0000000085c00000| PB 0x0000000085c00000| Untracked 
|  93|0x0000000085d00000, 0x0000000085d00000, 0x0000000085e00000|  0%| F|  |TAMS 0x0000000085d00000| PB 0x0000000085d00000| Untracked 
|  94|0x0000000085e00000, 0x0000000085e00000, 0x0000000085f00000|  0%| F|  |TAMS 0x0000000085e00000| PB 0x0000000085e00000| Untracked 
|  95|0x0000000085f00000, 0x0000000085f00000, 0x0000000086000000|  0%| F|  |TAMS 0x0000000085f00000| PB 0x0000000085f00000| Untracked 
|  96|0x0000000086000000, 0x0000000086000000, 0x0000000086100000|  0%| F|  |TAMS 0x0000000086000000| PB 0x0000000086000000| Untracked 
|  97|0x0000000086100000, 0x0000000086100000, 0x0000000086200000|  0%| F|  |TAMS 0x0000000086100000| PB 0x0000000086100000| Untracked 
|  98|0x0000000086200000, 0x0000000086200000, 0x0000000086300000|  0%| F|  |TAMS 0x0000000086200000| PB 0x0000000086200000| Untracked 
|  99|0x0000000086300000, 0x0000000086300000, 0x0000000086400000|  0%| F|  |TAMS 0x0000000086300000| PB 0x0000000086300000| Untracked 
| 100|0x0000000086400000, 0x0000000086400000, 0x0000000086500000|  0%| F|  |TAMS 0x0000000086400000| PB 0x0000000086400000| Untracked 
| 101|0x0000000086500000, 0x0000000086500000, 0x0000000086600000|  0%| F|  |TAMS 0x0000000086500000| PB 0x0000000086500000| Untracked 
| 102|0x0000000086600000, 0x0000000086700000, 0x0000000086700000|100%| S|CS|TAMS 0x0000000086600000| PB 0x0000000086600000| Complete 
| 103|0x0000000086700000, 0x0000000086800000, 0x0000000086800000|100%| S|CS|TAMS 0x0000000086700000| PB 0x0000000086700000| Complete 
| 104|0x0000000086800000, 0x0000000086900000, 0x0000000086900000|100%| S|CS|TAMS 0x0000000086800000| PB 0x0000000086800000| Complete 
| 105|0x0000000086900000, 0x0000000086900000, 0x0000000086a00000|  0%| F|  |TAMS 0x0000000086900000| PB 0x0000000086900000| Untracked 
| 106|0x0000000086a00000, 0x0000000086a00000, 0x0000000086b00000|  0%| F|  |TAMS 0x0000000086a00000| PB 0x0000000086a00000| Untracked 
| 107|0x0000000086b00000, 0x0000000086b00000, 0x0000000086c00000|  0%| F|  |TAMS 0x0000000086b00000| PB 0x0000000086b00000| Untracked 
| 108|0x0000000086c00000, 0x0000000086c00000, 0x0000000086d00000|  0%| F|  |TAMS 0x0000000086c00000| PB 0x0000000086c00000| Untracked 
| 109|0x0000000086d00000, 0x0000000086d00000, 0x0000000086e00000|  0%| F|  |TAMS 0x0000000086d00000| PB 0x0000000086d00000| Untracked 
| 110|0x0000000086e00000, 0x0000000086e00000, 0x0000000086f00000|  0%| F|  |TAMS 0x0000000086e00000| PB 0x0000000086e00000| Untracked 
| 111|0x0000000086f00000, 0x0000000086f00000, 0x0000000087000000|  0%| F|  |TAMS 0x0000000086f00000| PB 0x0000000086f00000| Untracked 
| 112|0x0000000087000000, 0x0000000087000000, 0x0000000087100000|  0%| F|  |TAMS 0x0000000087000000| PB 0x0000000087000000| Untracked 
| 113|0x0000000087100000, 0x000000008718ca80, 0x0000000087200000| 54%| E|  |TAMS 0x0000000087100000| PB 0x0000000087100000| Complete 
| 114|0x0000000087200000, 0x0000000087300000, 0x0000000087300000|100%| E|  |TAMS 0x0000000087200000| PB 0x0000000087200000| Complete 
| 115|0x0000000087300000, 0x0000000087400000, 0x0000000087400000|100%| E|CS|TAMS 0x0000000087300000| PB 0x0000000087300000| Complete 
| 116|0x0000000087400000, 0x0000000087500000, 0x0000000087500000|100%| E|CS|TAMS 0x0000000087400000| PB 0x0000000087400000| Complete 
| 117|0x0000000087500000, 0x0000000087600000, 0x0000000087600000|100%| E|CS|TAMS 0x0000000087500000| PB 0x0000000087500000| Complete 
| 118|0x0000000087600000, 0x0000000087700000, 0x0000000087700000|100%| E|CS|TAMS 0x0000000087600000| PB 0x0000000087600000| Complete 
| 119|0x0000000087700000, 0x0000000087800000, 0x0000000087800000|100%| E|CS|TAMS 0x0000000087700000| PB 0x0000000087700000| Complete 
| 120|0x0000000087800000, 0x0000000087900000, 0x0000000087900000|100%| E|CS|TAMS 0x0000000087800000| PB 0x0000000087800000| Complete 
| 121|0x0000000087900000, 0x0000000087a00000, 0x0000000087a00000|100%| E|CS|TAMS 0x0000000087900000| PB 0x0000000087900000| Complete 
| 122|0x0000000087a00000, 0x0000000087b00000, 0x0000000087b00000|100%| E|CS|TAMS 0x0000000087a00000| PB 0x0000000087a00000| Complete 
| 123|0x0000000087b00000, 0x0000000087c00000, 0x0000000087c00000|100%| E|CS|TAMS 0x0000000087b00000| PB 0x0000000087b00000| Complete 
| 124|0x0000000087c00000, 0x0000000087d00000, 0x0000000087d00000|100%| E|CS|TAMS 0x0000000087c00000| PB 0x0000000087c00000| Complete 
| 125|0x0000000087d00000, 0x0000000087e00000, 0x0000000087e00000|100%| E|CS|TAMS 0x0000000087d00000| PB 0x0000000087d00000| Complete 
| 126|0x0000000087e00000, 0x0000000087f00000, 0x0000000087f00000|100%| E|CS|TAMS 0x0000000087e00000| PB 0x0000000087e00000| Complete 
| 127|0x0000000087f00000, 0x0000000088000000, 0x0000000088000000|100%| E|CS|TAMS 0x0000000087f00000| PB 0x0000000087f00000| Complete 

Card table byte_map: [0x000001ceb2980000,0x000001ceb2d80000] _byte_map_base: 0x000001ceb2580000

Marking Bits: (CMBitMap*) 0x000001ce9f2557d0
 Bits: [0x000001ceb2d80000, 0x000001ceb4d80000)

Polling page: 0x000001ce9d010000

Metaspace:

Usage:
  Non-class:      7.49 MB used.
      Class:      1.07 MB used.
       Both:      8.56 MB used.

Virtual space:
  Non-class space:       64.00 MB reserved,       7.69 MB ( 12%) committed,  1 nodes.
      Class space:        1.00 GB reserved,       1.25 MB ( <1%) committed,  1 nodes.
             Both:        1.06 GB reserved,       8.94 MB ( <1%) committed. 

Chunk freelists:
   Non-Class:  6.84 MB
       Class:  14.60 MB
        Both:  21.44 MB

MaxMetaspaceSize: unlimited
CompressedClassSpaceSize: 1.00 GB
Initial GC threshold: 21.00 MB
Current GC threshold: 21.00 MB
CDS: on
 - commit_granule_bytes: 65536.
 - commit_granule_words: 8192.
 - virtual_space_node_default_size: 8388608.
 - enlarge_chunks_in_place: 1.
 - use_allocation_guard: 0.


Internal statistics:

num_allocs_failed_limit: 0.
num_arena_births: 404.
num_arena_deaths: 0.
num_vsnodes_births: 2.
num_vsnodes_deaths: 0.
num_space_committed: 142.
num_space_uncommitted: 0.
num_chunks_returned_to_freelist: 0.
num_chunks_taken_from_freelist: 717.
num_chunk_merges: 0.
num_chunk_splits: 472.
num_chunks_enlarged: 254.
num_inconsistent_stats: 0.

CodeHeap 'non-profiled nmethods': size=120000Kb used=775Kb max_used=775Kb free=119224Kb
 bounds [0x000001ceaad10000, 0x000001ceaaf80000, 0x000001ceb2240000]
CodeHeap 'profiled nmethods': size=120000Kb used=3455Kb max_used=3455Kb free=116544Kb
 bounds [0x000001cea3240000, 0x000001cea35a0000, 0x000001ceaa770000]
CodeHeap 'non-nmethods': size=5760Kb used=1562Kb max_used=1598Kb free=4197Kb
 bounds [0x000001ceaa770000, 0x000001ceaa9e0000, 0x000001ceaad10000]
CodeCache: size=245760Kb, used=5792Kb, max_used=5828Kb, free=239965Kb
 total_blobs=2538, nmethods=1957, adapters=486, full_count=0
Compilation: enabled, stopped_count=0, restarted_count=0

Compilation events (20 events):
Event: 10.715 Thread 0x000001ceb77c7270 nmethod 1946 0x000001cea3594390 code [0x000001cea3594540, 0x000001cea3594680]
Event: 10.800 Thread 0x000001ceb77c7270 1947       3       java.util.ResourceBundle::getObject (82 bytes)
Event: 10.802 Thread 0x000001ceb77c7270 nmethod 1947 0x000001cea3594710 code [0x000001cea35949e0, 0x000001cea35954f8]
Event: 10.802 Thread 0x000001ceb77c7270 1948       3       java.util.PropertyResourceBundle::handleGetObject (23 bytes)
Event: 10.802 Thread 0x000001ceb77c7270 nmethod 1948 0x000001cea3595910 code [0x000001cea3595ae0, 0x000001cea3595db0]
Event: 10.802 Thread 0x000001ceb77c7270 1949       3       java.text.MessageFormat::<init> (56 bytes)
Event: 10.803 Thread 0x000001ceb77c7270 nmethod 1949 0x000001cea3595e90 code [0x000001cea3596080, 0x000001cea3596678]
Event: 10.803 Thread 0x000001ceb77c7270 1950       3       java.text.Format::<init> (5 bytes)
Event: 10.803 Thread 0x000001ceb77c7270 nmethod 1950 0x000001cea3596810 code [0x000001cea35969c0, 0x000001cea3596b28]
Event: 10.803 Thread 0x000001ceb77c7270 1951       3       java.text.Format::format (24 bytes)
Event: 10.803 Thread 0x000001ceb77c7270 nmethod 1951 0x000001cea3596c10 code [0x000001cea3596e00, 0x000001cea35971d0]
Event: 10.803 Thread 0x000001ceb77c7270 1952       3       java.text.FieldPosition::<init> (25 bytes)
Event: 10.803 Thread 0x000001ceb77c7270 nmethod 1952 0x000001cea3597390 code [0x000001cea3597540, 0x000001cea35976c0]
Event: 10.804 Thread 0x000001ceb77c7270 1953       3       com.mysql.cj.Messages::getString (8 bytes)
Event: 10.804 Thread 0x000001ceb77c7270 nmethod 1953 0x000001cea3597790 code [0x000001cea3597940, 0x000001cea3597a68]
Event: 10.812 Thread 0x000001ceb77c7270 1954       3       java.util.HashMap::get (19 bytes)
Event: 10.813 Thread 0x000001ceb77c7270 nmethod 1954 0x000001cea3597b10 code [0x000001cea3597cc0, 0x000001cea3597e70]
Event: 10.837 Thread 0x000001ceb77c7270 1955       3       java.util.HashMap::getNode (150 bytes)
Event: 10.838 Thread 0x000001ceb77c4d90 1956       4       java.text.MessageFormat::applyPattern (422 bytes)
Event: 10.839 Thread 0x000001ceb77c7270 nmethod 1955 0x000001cea3597f90 code [0x000001cea35981e0, 0x000001cea3598d10]

GC Heap History (2 events):
Event: 7.170 GC heap before
{Heap before GC invocations=0 (full 0):
 garbage-first heap   total 131072K, used 26624K [0x0000000080000000, 0x0000000100000000)
  region size 1024K, 23 young (23552K), 0 survivors (0K)
 Metaspace       used 5059K, committed 5440K, reserved 1114112K
  class space    used 705K, committed 896K, reserved 1048576K
}
Event: 7.319 GC heap after
{Heap after GC invocations=1 (full 0):
 garbage-first heap   total 131072K, used 9088K [0x0000000080000000, 0x0000000100000000)
  region size 1024K, 3 young (3072K), 3 survivors (3072K)
 Metaspace       used 5059K, committed 5440K, reserved 1114112K
  class space    used 705K, committed 896K, reserved 1048576K
}

Dll operation events (2 events):
Event: 0.017 Loaded shared library C:\Users\dilar\OneDrive\Masa媠t𧃸jetbrains2025\IntelliJ IDEA 2025.2.6.1\jbr\bin\java.dll
Event: 0.239 Loaded shared library C:\Users\dilar\OneDrive\Masa媠t𧃸jetbrains2025\IntelliJ IDEA 2025.2.6.1\jbr\bin\zip.dll

Deoptimization events (20 events):
Event: 8.566 Thread 0x000001cefe1a1950 DEOPT PACKING pc=0x000001ceaad8c474 sp=0x00000070221f8a10
Event: 8.566 Thread 0x000001cefe1a1950 DEOPT UNPACKING pc=0x000001ceaa7c7ba2 sp=0x00000070221f8980 mode 2
Event: 8.682 Thread 0x000001cefe1a1950 Uncommon trap: trap_request=0xffffff45 fr.pc=0x000001ceaadadc10 relative=0x0000000000000210
Event: 8.682 Thread 0x000001cefe1a1950 Uncommon trap: reason=unstable_if action=reinterpret pc=0x000001ceaadadc10 method=java.util.HashMap.putVal(ILjava/lang/Object;Ljava/lang/Object;ZZ)Ljava/lang/Object; @ 162 c2
Event: 8.682 Thread 0x000001cefe1a1950 DEOPT PACKING pc=0x000001ceaadadc10 sp=0x00000070221fb5c0
Event: 8.682 Thread 0x000001cefe1a1950 DEOPT UNPACKING pc=0x000001ceaa7c7ba2 sp=0x00000070221fb570 mode 2
Event: 8.700 Thread 0x000001cefe1a1950 Uncommon trap: trap_request=0xffffff45 fr.pc=0x000001ceaad19eb0 relative=0x0000000000000190
Event: 8.700 Thread 0x000001cefe1a1950 Uncommon trap: reason=unstable_if action=reinterpret pc=0x000001ceaad19eb0 method=jdk.internal.util.ArraysSupport.vectorizedHashCode(Ljava/lang/Object;IIII)I @ 2 c2
Event: 8.700 Thread 0x000001cefe1a1950 DEOPT PACKING pc=0x000001ceaad19eb0 sp=0x00000070221fb5a0
Event: 8.700 Thread 0x000001cefe1a1950 DEOPT UNPACKING pc=0x000001ceaa7c7ba2 sp=0x00000070221fb550 mode 2
Event: 10.750 Thread 0x000001cefe1a1950 Uncommon trap: trap_request=0xffffff45 fr.pc=0x000001ceaad9a9ec relative=0x000000000000040c
Event: 10.750 Thread 0x000001cefe1a1950 Uncommon trap: reason=unstable_if action=reinterpret pc=0x000001ceaad9a9ec method=java.util.HashMap.getNode(Ljava/lang/Object;)Ljava/util/HashMap$Node; @ 66 c2
Event: 10.750 Thread 0x000001cefe1a1950 DEOPT PACKING pc=0x000001ceaad9a9ec sp=0x00000070221fd290
Event: 10.750 Thread 0x000001cefe1a1950 DEOPT UNPACKING pc=0x000001ceaa7c7ba2 sp=0x00000070221fd1a0 mode 2
Event: 10.765 Thread 0x000001cefe1a1950 Uncommon trap: trap_request=0xffffff45 fr.pc=0x000001ceaad58e3c relative=0x00000000000003dc
Event: 10.765 Thread 0x000001cefe1a1950 Uncommon trap: reason=unstable_if action=reinterpret pc=0x000001ceaad58e3c method=java.util.HashMap.getNode(Ljava/lang/Object;)Ljava/util/HashMap$Node; @ 66 c2
Event: 10.765 Thread 0x000001cefe1a1950 DEOPT PACKING pc=0x000001ceaad58e3c sp=0x00000070221fd220
Event: 10.765 Thread 0x000001cefe1a1950 DEOPT UNPACKING pc=0x000001ceaa7c7ba2 sp=0x00000070221fd1a0 mode 2
Event: 10.838 Thread 0x000001cefe1a1950 DEOPT PACKING pc=0x000001cea34aeff5 sp=0x00000070221fd230
Event: 10.838 Thread 0x000001cefe1a1950 DEOPT UNPACKING pc=0x000001ceaa7c86e2 sp=0x00000070221fc7b0 mode 0

Classes loaded (20 events):
Event: 8.678 Loading class com/sun/security/sasl/Provider$ProviderService
Event: 8.679 Loading class com/sun/security/sasl/Provider$ProviderService done
Event: 9.153 Loading class sun/security/ssl/CertificateRequest$T13CertificateRequestMessage
Event: 9.156 Loading class sun/security/ssl/CertificateRequest$T13CertificateRequestMessage done
Event: 9.171 Loading class jdk/internal/event/X509CertificateEvent
Event: 9.171 Loading class jdk/internal/event/X509CertificateEvent done
Event: 9.226 Loading class sun/security/ssl/X509Authentication$X509Possession
Event: 9.236 Loading class sun/security/ssl/X509Authentication$X509Possession done
Event: 9.240 Loading class jdk/internal/event/TLSHandshakeEvent
Event: 9.240 Loading class jdk/internal/event/TLSHandshakeEvent done
Event: 9.245 Loading class java/security/DigestException
Event: 9.245 Loading class java/security/DigestException done
Event: 9.248 Loading class javax/security/sasl/SaslException
Event: 9.272 Loading class javax/security/sasl/SaslException done
Event: 9.273 Loading class javax/security/auth/callback/UnsupportedCallbackException
Event: 9.275 Loading class javax/security/auth/callback/UnsupportedCallbackException done
Event: 9.275 Loading class javax/security/auth/login/Configuration
Event: 9.276 Loading class javax/security/auth/login/Configuration done
Event: 9.280 Loading class javax/security/auth/callback/Callback
Event: 9.282 Loading class javax/security/auth/callback/Callback done

Classes unloaded (0 events):
No events

Classes redefined (0 events):
No events

Internal exceptions (20 events):
Event: 4.131 Thread 0x000001ce9cda7630 Exception <a 'java/lang/IncompatibleClassChangeError'{0x00000000873603a8}: Found class java.lang.Object, but interface was expected> (0x00000000873603a8) 
thrown [s\src\hotspot\share\interpreter\linkResolver.cpp, line 851]
Event: 4.131 Thread 0x000001ce9cda7630 Exception <a 'java/lang/IncompatibleClassChangeError'{0x00000000873620d8}: Found class java.lang.Object, but interface was expected> (0x00000000873620d8) 
thrown [s\src\hotspot\share\interpreter\linkResolver.cpp, line 851]
Event: 5.723 Thread 0x000001ce9cda7630 Exception <a 'java/lang/NoSuchMethodError'{0x00000000872671a8}: 'java.lang.Object java.lang.invoke.DirectMethodHandle$Holder.invokeStaticInit(java.lang.Object, java.lang.Object, int, int, int, int)'> (0x00000000872671a8) 
thrown [s\src\hotspot\share\interpreter\linkResolver.cpp, line 784]
Event: 6.267 Thread 0x000001ce9cda7630 Exception <a 'java/lang/NoSuchMethodError'{0x00000000870db1f8}: 'java.lang.Object java.lang.invoke.Invokers$Holder.linkToTargetMethod(java.lang.Object, long, java.lang.Object)'> (0x00000000870db1f8) 
thrown [s\src\hotspot\share\interpreter\linkResolver.cpp, line 784]
Event: 6.344 Thread 0x000001cefe0eac20 Exception <a 'java/lang/NoSuchMethodError'{0x0000000086ff6c70}: 'long java.lang.invoke.DirectMethodHandle$Holder.invokeSpecial(java.lang.Object, java.lang.Object)'> (0x0000000086ff6c70) 
thrown [s\src\hotspot\share\interpreter\linkResolver.cpp, line 784]
Event: 6.344 Thread 0x000001ceb7ae6420 Exception <a 'java/lang/NoSuchMethodError'{0x0000000086fba760}: 'long java.lang.invoke.DirectMethodHandle$Holder.invokeSpecial(java.lang.Object, java.lang.Object)'> (0x0000000086fba760) 
thrown [s\src\hotspot\share\interpreter\linkResolver.cpp, line 784]
Event: 6.345 Thread 0x000001ceb7ae6420 Exception <a 'java/lang/NoSuchMethodError'{0x0000000086fbdb48}: 'long java.lang.invoke.Invokers$Holder.invokeExact_MT(java.lang.Object, java.lang.Object)'> (0x0000000086fbdb48) 
thrown [s\src\hotspot\share\interpreter\linkResolver.cpp, line 784]
Event: 6.345 Thread 0x000001cefe0eac20 Exception <a 'java/lang/NoSuchMethodError'{0x0000000086ffa0a8}: 'long java.lang.invoke.Invokers$Holder.invokeExact_MT(java.lang.Object, java.lang.Object)'> (0x0000000086ffa0a8) 
thrown [s\src\hotspot\share\interpreter\linkResolver.cpp, line 784]
Event: 6.454 Thread 0x000001cefe1a1950 Exception <a 'java/lang/NoSuchMethodError'{0x0000000086d9af90}: static [B.<clinit>()V> (0x0000000086d9af90) 
thrown [s\src\hotspot\share\prims\jni.cpp, line 1144]
Event: 6.495 Thread 0x000001ceb7cd3e60 Exception <a 'java/lang/NoSuchMethodError'{0x0000000086d17750}: 'int java.lang.invoke.DirectMethodHandle$Holder.invokeInterface(java.lang.Object, java.lang.Object)'> (0x0000000086d17750) 
thrown [s\src\hotspot\share\interpreter\linkResolver.cpp, line 784]
Event: 6.495 Thread 0x000001cefe1a1950 Exception <a 'java/lang/NoSuchMethodError'{0x0000000086d9cac0}: 'long java.lang.invoke.DirectMethodHandle$Holder.invokeInterface(java.lang.Object, java.lang.Object)'> (0x0000000086d9cac0) 
thrown [s\src\hotspot\share\interpreter\linkResolver.cpp, line 784]
Event: 6.563 Thread 0x000001cefe1a1950 Exception <a 'java/lang/NoSuchMethodError'{0x0000000086df7e48}: static [Ljava/rmi/server/ObjID;.<clinit>()V> (0x0000000086df7e48) 
thrown [s\src\hotspot\share\prims\jni.cpp, line 1144]
Event: 6.571 Thread 0x000001ceb7cd58a0 Exception <a 'java/lang/NoSuchMethodError'{0x0000000086c016d0}: 'java.lang.Object java.lang.invoke.DirectMethodHandle$Holder.invokeSpecial(java.lang.Object, java.lang.Object, int, java.lang.Object, long)'> (0x0000000086c016d0) 
thrown [s\src\hotspot\share\interpreter\linkResolver.cpp, line 784]
Event: 6.574 Thread 0x000001cefe1a1950 Exception <a 'java/lang/NoSuchMethodError'{0x0000000086c81bf8}: 'void java.lang.invoke.Invokers$Holder.linkToTargetMethod(java.lang.Object, java.lang.Object)'> (0x0000000086c81bf8) 
thrown [s\src\hotspot\share\interpreter\linkResolver.cpp, line 784]
Event: 6.576 Thread 0x000001cefe1a1950 Exception <a 'java/lang/NoSuchMethodError'{0x0000000086c86aa0}: 'void java.lang.invoke.DirectMethodHandle$Holder.invokeInterface(java.lang.Object, java.lang.Object)'> (0x0000000086c86aa0) 
thrown [s\src\hotspot\share\interpreter\linkResolver.cpp, line 784]
Event: 6.579 Thread 0x000001ceb7cd58a0 Exception <a 'java/lang/NoSuchMethodError'{0x0000000086c08488}: 'java.lang.Object java.lang.invoke.DirectMethodHandle$Holder.newInvokeSpecial(java.lang.Object, java.lang.Object, int, java.lang.Object, long)'> (0x0000000086c08488) 
thrown [s\src\hotspot\share\interpreter\linkResolver.cpp, line 784]
Event: 6.941 Thread 0x000001cefe1a1950 Exception <a 'java/lang/NoSuchMethodError'{0x0000000086b5ff48}: 'java.lang.Object java.lang.invoke.DirectMethodHandle$Holder.invokeInterface(java.lang.Object, java.lang.Object, java.lang.Object, java.lang.Object, java.lang.Object)'> (0x0000000086b5ff48) 
thrown [s\src\hotspot\share\interpreter\linkResolver.cpp, line 784]
Event: 6.943 Thread 0x000001cefe1a1950 Exception <a 'java/lang/NoSuchMethodError'{0x0000000086b73300}: 'java.lang.Object java.lang.invoke.Invokers$Holder.invokeExact_MT(java.lang.Object, java.lang.Object, java.lang.Object, java.lang.Object, java.lang.Object, java.lang.Object)'> (0x0000000086b73300) 
thrown [s\src\hotspot\share\interpreter\linkResolver.cpp, line 784]
Event: 7.755 Thread 0x000001cefe1a1950 Exception <a 'java/lang/NoSuchMethodError'{0x0000000087d0fd08}: 'java.lang.Object java.lang.invoke.DirectMethodHandle$Holder.invokeVirtual(java.lang.Object, java.lang.Object, java.lang.Object)'> (0x0000000087d0fd08) 
thrown [s\src\hotspot\share\interpreter\linkResolver.cpp, line 784]
Event: 8.569 Thread 0x000001cefe1a1950 Exception <a 'sun/nio/fs/WindowsException'{0x000000008763d498}> (0x000000008763d498) 
thrown [s\src\hotspot\share\prims\jni.cpp, line 537]

ZGC Phase Switch (0 events):
No events

VM Operations (20 events):
Event: 7.170 Executing VM operation: G1CollectForAllocation (G1 Evacuation Pause)
Event: 7.319 Executing VM operation: G1CollectForAllocation (G1 Evacuation Pause) done
Event: 7.466 Executing VM operation: HandshakeAllThreads (Deoptimize)
Event: 7.466 Executing VM operation: HandshakeAllThreads (Deoptimize) done
Event: 7.749 Executing VM operation: HandshakeAllThreads (Deoptimize)
Event: 7.749 Executing VM operation: HandshakeAllThreads (Deoptimize) done
Event: 8.485 Executing VM operation: HandshakeAllThreads (Deoptimize)
Event: 8.486 Executing VM operation: HandshakeAllThreads (Deoptimize) done
Event: 8.486 Executing VM operation: Cleanup
Event: 8.486 Executing VM operation: Cleanup done
Event: 8.492 Executing VM operation: HandshakeAllThreads (Deoptimize)
Event: 8.492 Executing VM operation: HandshakeAllThreads (Deoptimize) done
Event: 8.571 Executing VM operation: HandshakeAllThreads (Deoptimize)
Event: 8.571 Executing VM operation: HandshakeAllThreads (Deoptimize) done
Event: 8.580 Executing VM operation: HandshakeAllThreads (Deoptimize)
Event: 8.580 Executing VM operation: HandshakeAllThreads (Deoptimize) done
Event: 9.162 Executing VM operation: HandshakeAllThreads (Deoptimize)
Event: 9.163 Executing VM operation: HandshakeAllThreads (Deoptimize) done
Event: 10.163 Executing VM operation: Cleanup
Event: 10.702 Executing VM operation: Cleanup done

Memory protections (0 events):
No events

Nmethod flushes (0 events):
No events

Events (20 events):
Event: 6.024 Loaded shared library C:\Users\dilar\OneDrive\Masa媠t𧃸jetbrains2025\IntelliJ IDEA 2025.2.6.1\jbr\bin\extnet.dll
Event: 6.119 Thread 0x000001ce9cda7630 Thread added: 0x000001cefe059180
Event: 6.151 Thread 0x000001ce9cda7630 Thread added: 0x000001cefe08c460
Event: 6.151 Thread 0x000001ce9cda7630 Thread added: 0x000001cefe08cad0
Event: 6.154 Loaded shared library C:\Users\dilar\OneDrive\Masa媠t𧃸jetbrains2025\IntelliJ IDEA 2025.2.6.1\jbr\bin\rmi.dll
Event: 6.155 Thread 0x000001ce9cda7630 Thread added: 0x000001cefe08d140
Event: 6.309 Thread 0x000001cefe059180 Thread added: 0x000001cefe0eac20
Event: 6.309 Thread 0x000001cefe059180 Thread added: 0x000001ceb7ae6420
Event: 6.374 Thread 0x000001cefe0eac20 Thread added: 0x000001cefe1a12e0
Event: 6.414 Thread 0x000001cefe08c460 Thread added: 0x000001cefe1a1950
Event: 6.415 Thread 0x000001cefe08c460 Thread added: 0x000001ceb7cd3e60
Event: 6.551 Thread 0x000001cefe1a1950 Thread added: 0x000001ceb7cd58a0
Event: 6.587 Thread 0x000001ceb77c7270 Thread added: 0x000001ceb7a84690
Event: 6.642 Thread 0x000001cefe1a1950 Thread added: 0x000001ceb7cd5f30
Event: 6.717 Thread 0x000001ceb7a84690 Thread exited: 0x000001ceb7a84690
Event: 8.494 Thread 0x000001ceb77c7270 Thread added: 0x000001cefe605fd0
Event: 8.649 Loaded shared library C:\Users\dilar\OneDrive\Masa媠t𧃸jetbrains2025\IntelliJ IDEA 2025.2.6.1\jbr\bin\sunmscapi.dll
Event: 8.813 Thread 0x000001ceb77c7270 Thread added: 0x000001cefe6ed010
Event: 8.996 Thread 0x000001cefe6ed010 Thread exited: 0x000001cefe6ed010
Event: 10.709 Thread 0x000001cefe605fd0 Thread exited: 0x000001cefe605fd0


Dynamic libraries:
0x00007ff74ece0000 - 0x00007ff74ecea000 	C:\Users\dilar\OneDrive\Masa媠t𧃸jetbrains2025\IntelliJ IDEA 2025.2.6.1\jbr\bin\java.exe
0x00007fff50540000 - 0x00007fff507a7000 	C:\WINDOWS\SYSTEM32\ntdll.dll
0x00007fff4f0b0000 - 0x00007fff4f179000 	C:\WINDOWS\System32\KERNEL32.DLL
0x00007fff4cec0000 - 0x00007fff4d2b4000 	C:\WINDOWS\System32\KERNELBASE.dll
0x00007fff4e180000 - 0x00007fff4e2cb000 	C:\WINDOWS\System32\ucrtbase.dll
0x00007fff22630000 - 0x00007fff22648000 	C:\Users\dilar\OneDrive\Masa媠t𧃸jetbrains2025\IntelliJ IDEA 2025.2.6.1\jbr\bin\jli.dll
0x00007fff4f5f0000 - 0x00007fff4f7b5000 	C:\WINDOWS\System32\USER32.dll
0x00007fff4deb0000 - 0x00007fff4ded7000 	C:\WINDOWS\System32\win32u.dll
0x00007fff4fb10000 - 0x00007fff4fb3b000 	C:\WINDOWS\System32\GDI32.dll
0x00007fff4e050000 - 0x00007fff4e17b000 	C:\WINDOWS\System32\gdi32full.dll
0x00007fff4ce10000 - 0x00007fff4ceb3000 	C:\WINDOWS\System32\msvcp_win.dll
0x00007fff3b5e0000 - 0x00007fff3b5fb000 	C:\Users\dilar\OneDrive\Masa媠t𧃸jetbrains2025\IntelliJ IDEA 2025.2.6.1\jbr\bin\VCRUNTIME140.dll
0x00007fff39490000 - 0x00007fff39723000 	C:\WINDOWS\WinSxS\amd64_microsoft.windows.common-controls_6595b64144ccf1df_6.0.26100.8115_none_3e075c82e3354f9c\COMCTL32.dll
0x00007fff50150000 - 0x00007fff501f9000 	C:\WINDOWS\System32\msvcrt.dll
0x00007fff50320000 - 0x00007fff50352000 	C:\WINDOWS\System32\IMM32.DLL
0x00007fff48720000 - 0x00007fff4872c000 	C:\Users\dilar\OneDrive\Masa媠t𧃸jetbrains2025\IntelliJ IDEA 2025.2.6.1\jbr\bin\vcruntime140_1.dll
0x00007ffee7f50000 - 0x00007ffee7fdd000 	C:\Users\dilar\OneDrive\Masa媠t𧃸jetbrains2025\IntelliJ IDEA 2025.2.6.1\jbr\bin\msvcp140.dll
0x00007ffeb6d40000 - 0x00007ffeb7b0d000 	C:\Users\dilar\OneDrive\Masa媠t𧃸jetbrains2025\IntelliJ IDEA 2025.2.6.1\jbr\bin\server\jvm.dll
0x00007fff4e2d0000 - 0x00007fff4e386000 	C:\WINDOWS\System32\ADVAPI32.dll
0x00007fff4f2a0000 - 0x00007fff4f347000 	C:\WINDOWS\System32\sechost.dll
0x00007fff50360000 - 0x00007fff50478000 	C:\WINDOWS\System32\RPCRT4.dll
0x00007fff4f210000 - 0x00007fff4f290000 	C:\WINDOWS\System32\WS2_32.dll
0x00007fff4ccc0000 - 0x00007fff4cd1e000 	C:\WINDOWS\SYSTEM32\POWRPROF.dll
0x00007fff3ad70000 - 0x00007fff3ada6000 	C:\WINDOWS\SYSTEM32\WINMM.dll
0x00007fff444b0000 - 0x00007fff444bb000 	C:\WINDOWS\SYSTEM32\VERSION.dll
0x00007fff4cc70000 - 0x00007fff4cc84000 	C:\WINDOWS\SYSTEM32\UMPDC.dll
0x00007fff4bb60000 - 0x00007fff4bb7b000 	C:\WINDOWS\SYSTEM32\kernel.appcore.dll
0x00007fff46710000 - 0x00007fff4671a000 	C:\Users\dilar\OneDrive\Masa媠t𧃸jetbrains2025\IntelliJ IDEA 2025.2.6.1\jbr\bin\jimage.dll
0x00007fff4aec0000 - 0x00007fff4b102000 	C:\WINDOWS\SYSTEM32\DBGHELP.DLL
0x00007fff4fb40000 - 0x00007fff4fec2000 	C:\WINDOWS\System32\combase.dll
0x00007fff4f7c0000 - 0x00007fff4f898000 	C:\WINDOWS\System32\OLEAUT32.dll
0x00007fff32d90000 - 0x00007fff32dcb000 	C:\WINDOWS\SYSTEM32\dbgcore.DLL
0x00007fff4dc80000 - 0x00007fff4dd25000 	C:\WINDOWS\System32\bcryptPrimitives.dll
0x00007fff38ca0000 - 0x00007fff38cc0000 	C:\Users\dilar\OneDrive\Masa媠t𧃸jetbrains2025\IntelliJ IDEA 2025.2.6.1\jbr\bin\java.dll
0x00007fff4e940000 - 0x00007fff4f0a7000 	C:\WINDOWS\System32\SHELL32.dll
0x00007fff4dee0000 - 0x00007fff4e04a000 	C:\WINDOWS\System32\wintypes.dll
0x00007fff4d350000 - 0x00007fff4dbb8000 	C:\WINDOWS\System32\windows.storage.dll
0x00007fff4fa10000 - 0x00007fff4fb08000 	C:\WINDOWS\System32\SHCORE.dll
0x00007fff50480000 - 0x00007fff504e6000 	C:\WINDOWS\System32\shlwapi.dll
0x00007fff4cd30000 - 0x00007fff4cd59000 	C:\WINDOWS\SYSTEM32\profapi.dll
0x00007fff358c0000 - 0x00007fff358d8000 	C:\Users\dilar\OneDrive\Masa媠t𧃸jetbrains2025\IntelliJ IDEA 2025.2.6.1\jbr\bin\zip.dll
0x00007fff45630000 - 0x00007fff45640000 	C:\Users\dilar\OneDrive\Masa媠t𧃸jetbrains2025\IntelliJ IDEA 2025.2.6.1\jbr\bin\net.dll
0x00007fff46520000 - 0x00007fff4664d000 	C:\WINDOWS\SYSTEM32\WINHTTP.dll
0x00007fff4c0b0000 - 0x00007fff4c11c000 	C:\WINDOWS\system32\mswsock.dll
0x00007fff34b30000 - 0x00007fff34b46000 	C:\Users\dilar\OneDrive\Masa媠t𧃸jetbrains2025\IntelliJ IDEA 2025.2.6.1\jbr\bin\nio.dll
0x00007fff4b360000 - 0x00007fff4b392000 	C:\WINDOWS\SYSTEM32\IPHLPAPI.DLL
0x00007fff50200000 - 0x00007fff5020a000 	C:\WINDOWS\System32\NSI.dll
0x00007fff4c4b0000 - 0x00007fff4c4cb000 	C:\WINDOWS\SYSTEM32\CRYPTSP.dll
0x00007fff4bac0000 - 0x00007fff4baf9000 	C:\WINDOWS\system32\rsaenh.dll
0x00007fff4c160000 - 0x00007fff4c193000 	C:\WINDOWS\SYSTEM32\USERENV.dll
0x00007fff4cc90000 - 0x00007fff4ccba000 	C:\WINDOWS\SYSTEM32\bcrypt.dll
0x00007fff4c310000 - 0x00007fff4c31c000 	C:\WINDOWS\SYSTEM32\CRYPTBASE.dll
0x00007fff354f0000 - 0x00007fff354f9000 	C:\Users\dilar\OneDrive\Masa媠t𧃸jetbrains2025\IntelliJ IDEA 2025.2.6.1\jbr\bin\extnet.dll
0x00007fff229c0000 - 0x00007fff229c7000 	C:\Users\dilar\OneDrive\Masa媠t𧃸jetbrains2025\IntelliJ IDEA 2025.2.6.1\jbr\bin\rmi.dll
0x00007fff4b400000 - 0x00007fff4b532000 	C:\WINDOWS\SYSTEM32\DNSAPI.dll
0x00007fff45b00000 - 0x00007fff45b0b000 	C:\Windows\System32\rasadhlp.dll
0x00007fff46490000 - 0x00007fff46516000 	C:\WINDOWS\System32\fwpuclnt.dll
0x00007fff43ad0000 - 0x00007fff43ade000 	C:\Users\dilar\OneDrive\Masa媠t𧃸jetbrains2025\IntelliJ IDEA 2025.2.6.1\jbr\bin\sunmscapi.dll
0x00007fff4dd30000 - 0x00007fff4dea7000 	C:\WINDOWS\System32\CRYPT32.dll
0x00007fff4c550000 - 0x00007fff4c580000 	C:\WINDOWS\SYSTEM32\ncrypt.dll
0x00007fff4c500000 - 0x00007fff4c53f000 	C:\WINDOWS\SYSTEM32\NTASN1.dll

JVMTI agents: none

dbghelp: loaded successfully - version: 4.0.5 - missing functions: none
symbol engine: initialized successfully - sym options: 0x614 - pdb path: .;C:\Users\dilar\OneDrive\Masa媠t𧃸jetbrains2025\IntelliJ IDEA 2025.2.6.1\jbr\bin;C:\WINDOWS\SYSTEM32;C:\WINDOWS\WinSxS\amd64_microsoft.windows.common-controls_6595b64144ccf1df_6.0.26100.8115_none_3e075c82e3354f9c;C:\Users\dilar\OneDrive\Masa媠t𧃸jetbrains2025\IntelliJ IDEA 2025.2.6.1\jbr\bin\server

VM Arguments:
jvm_args: -Djava.rmi.server.hostname=127.0.0.1 -Duser.timezone=UTC -Xmx2048m -Xms128m -Djdbc.classpath=C:\Users\dilar\AppData\Local\Temp\RemoteDriver7.classpath.txt --add-exports=java.desktop/sun.awt=ALL-UNNAMED --add-exports=java.desktop/java.awt.peer=ALL-UNNAMED --add-opens=java.desktop/java.awt=ALL-UNNAMED --add-opens=jdk.unsupported/sun.misc=ALL-UNNAMED --add-opens=java.base/java.nio=ALL-UNNAMED --add-opens=java.base/java.util=ALL-UNNAMED -Dfile.encoding=UTF-8 -Dsun.stdout.encoding=UTF-8 -Dsun.stderr.encoding=UTF-8 
java_command: com.intellij.database.remote.RemoteJdbcServer com.mysql.cj.jdbc.Driver
java_class_path (initial): C:\Users\dilar\OneDrive\Masa媠t𧃸jetbrains2025\IntelliJ IDEA 2025.2.6.1\lib\util_rt.jar;C:\Users\dilar\OneDrive\Masa媠t𧃸jetbrains2025\IntelliJ IDEA 2025.2.6.1\lib\util-8.jar;C:\Users\dilar\OneDrive\Masa媠t𧃸jetbrains2025\IntelliJ IDEA 2025.2.6.1\lib\groovy.jar;C:\Users\dilar\OneDrive\Masa媠t𧃸jetbrains2025\IntelliJ IDEA 2025.2.6.1\plugins\DatabaseTools\lib\jdbc-console.jar;C:\Users\dilar\OneDrive\Masa媠t𧃸jetbrains2025\IntelliJ IDEA 2025.2.6.1\lib\modules\intellij.grid.types.jar;C:\Users\dilar\OneDrive\Masa媠t𧃸jetbrains2025\IntelliJ IDEA 2025.2.6.1\lib\util.jar;C:\Users\dilar\OneDrive\Masa媠t𧃸jetbrains2025\IntelliJ IDEA 2025.2.6.1\lib\bouncy-castle.jar
Launcher Type: SUN_STANDARD

[Global flags]
     intx CICompilerCount                          = 4                                         {product} {ergonomic}
     uint ConcGCThreads                            = 2                                         {product} {ergonomic}
     uint G1ConcRefinementThreads                  = 8                                         {product} {ergonomic}
   size_t G1HeapRegionSize                         = 1048576                                   {product} {ergonomic}
    uintx GCDrainStackTargetSize                   = 64                                        {product} {ergonomic}
   size_t InitialHeapSize                          = 134217728                                 {product} {command line}
   size_t MarkStackSize                            = 4194304                                   {product} {ergonomic}
   size_t MaxHeapSize                              = 2147483648                                {product} {command line}
   size_t MaxNewSize                               = 1287651328                                {product} {ergonomic}
   size_t MinHeapDeltaBytes                        = 1048576                                   {product} {ergonomic}
   size_t MinHeapSize                              = 134217728                                 {product} {command line}
    uintx NonNMethodCodeHeapSize                   = 5839372                                {pd product} {ergonomic}
    uintx NonProfiledCodeHeapSize                  = 122909434                              {pd product} {ergonomic}
    uintx ProfiledCodeHeapSize                     = 122909434                              {pd product} {ergonomic}
    uintx ReservedCodeCacheSize                    = 251658240                              {pd product} {ergonomic}
     bool SegmentedCodeCache                       = true                                      {product} {ergonomic}
   size_t SoftMaxHeapSize                          = 2147483648                             {manageable} {ergonomic}
     bool UseCompressedOops                        = true                           {product lp64_product} {ergonomic}
     bool UseG1GC                                  = true                                      {product} {ergonomic}
     bool UseLargePagesIndividualAllocation        = false                                  {pd product} {ergonomic}

Logging:
Log output configuration:
 #0: stdout all=warning uptime,level,tags foldmultilines=false
 #1: stderr all=off uptime,level,tags foldmultilines=false

Release file:
JAVA_VERSION="21.0.9" 
MODULES="java.base java.datatransfer java.xml java.prefs java.desktop gluegen.rt java.compiler java.instrument java.logging java.management java.security.sasl java.naming java.rmi java.management.rmi java.net.http java.scripting java.security.jgss java.transaction.xa java.sql java.sql.rowset java.xml.crypto java.se java.smartcardio jogl.all jcef jdk.accessibility jdk.internal.jvmstat jdk.attach jdk.charsets jdk.internal.opt jdk.zipfs jdk.compiler jdk.crypto.ec jdk.crypto.cryptoki jdk.crypto.mscapi jdk.dynalink jdk.hotspot.agent jdk.httpserver jdk.internal.ed jdk.internal.le jdk.internal.vm.ci jdk.javadoc jdk.jcmd jdk.jdwp.agent jdk.jdi jdk.jfr jdk.jsobject jdk.localedata jdk.management jdk.management.agent jdk.management.jfr jdk.naming.dns jdk.naming.rmi jdk.net jdk.sctp jdk.security.auth jdk.security.jgss jdk.unsupported jdk.unsupported.desktop jdk.xml.dom" 
IMPLEMENTOR="JetBrains s.r.o." 
IMPLEMENTOR_VERSION="JBR-21.0.9+1-1038.78-jcef" 
JAVA_RUNTIME_VERSION="21.0.9+1-b1038.78" 
LIBC="default" 
OS_ARCH="x86_64" 
OS_NAME="Windows" 
SOURCE=".:git:c24e7acbdf28+ jcef_git:git:4a605f44671a" 
JCEF_VERSION="122.1.9.1060+g33f6357" 
JCEF_COMMIT_HASH="33f6357c0226f73b0e398b75d8bd22f486e430ab" 

Environment Variables:
JAVA_HOME=D:\java_jdk\jdk-22.0.2
PATH=C:\Program Files\Microsoft SQL Server\Client SDK\ODBC\170\Tools\Binn\;C:\Program Files\Microsoft SQL Server\160\DTS\Binn\;D:\java_jdk\jdk-22.0.2\bin;C:\Users\dilar\anaconda3;C:\Users\dilar\anaconda3\Library\mingw-w64\bin;C:\Users\dilar\anaconda3\Library\usr\bin;C:\Users\dilar\anaconda3\Library\bin;C:\Users\dilar\anaconda3\Scripts;C:\Users\dilar\AppData\Local\Programs\Python\Python312\Scripts\;C:\Users\dilar\AppData\Local\Programs\Python\Python312\;C:\Users\dilar\AppData\Local\Microsoft\WindowsApps;C:\Program Files\Azure Data Studio\bin;C:\Users\dilar\AppData\Local\GitHubDesktop\bin;C:\Users\dilar\.dotnet\tools;C:\Users\dilar\AppData\Local\Programs\Microsoft VS Code\bin;F:\IntelliJ IDEA\IntelliJ IDEA 2026.1\bin;C:\Users\dilar\AppData\Local\JetBrains\Toolbox\scripts;C:\Users\dilar\OneDrive\Masa媠t𧃸jetbrains2025\IntelliJ IDEA 2025.2.6.1\bin;
USERNAME=dilar
OS=Windows_NT
PROCESSOR_IDENTIFIER=Intel64 Family 6 Model 140 Stepping 1, GenuineIntel
TMP=C:\Users\dilar\AppData\Local\Temp
TEMP=C:\Users\dilar\AppData\Local\Temp




Periodic native trim disabled

JNI global refs:
JNI global refs: 18, weak refs: 0

JNI global refs memory usage: 835, weak refs: 833

Process memory usage:
Resident Set Size: 123728K (0% of 12377400K total physical memory with 1453540K free physical memory)

OOME stack traces (most recent first):
Classloader memory used:
Loader bootstrap                                                                       : 3137K
Loader jdk.internal.loader.ClassLoaders$AppClassLoader                                 : 2514K
Loader com.intellij.database.remote.jdbc.impl.JdbcClassLoader$JdbcClassLoaderImpl      : 2283K
Loader jdk.internal.loader.ClassLoaders$PlatformClassLoader                            : 762K
Loader jdk.internal.reflect.DelegatingClassLoader                                      : 72384B

---------------  S Y S T E M  ---------------

OS:
 Windows 11 , 64 bit Build 26100 (10.0.26100.8246)
OS uptime: 1 days 23:21 hours
Hyper-V role detected

CPU: total 8 (initial active 8) (4 cores per cpu, 2 threads per core) family 6 model 140 stepping 1 microcode 0x6e, cx8, cmov, fxsr, ht, mmx, 3dnowpref, sse, sse2, sse3, ssse3, sse4.1, sse4.2, popcnt, lzcnt, tsc, tscinvbit, avx, avx2, aes, erms, clmul, bmi1, bmi2, adx, avx512f, avx512dq, avx512cd, avx512bw, avx512vl, sha, fma, vzeroupper, avx512_vpopcntdq, avx512_vpclmulqdq, avx512_vaes, avx512_vnni, clflush, clflushopt, clwb, avx512_vbmi2, avx512_vbmi, hv, rdtscp, rdpid, fsrm, gfni, avx512_bitalg, f16c, cet_ibt, cet_ss, avx512_ifma
Processor Information for processor 0
  Max Mhz: 2419, Current Mhz: 1209, Mhz Limit: 2419
Processor Information for processor 1
  Max Mhz: 2419, Current Mhz: 1209, Mhz Limit: 2419
Processor Information for processor 2
  Max Mhz: 2419, Current Mhz: 2419, Mhz Limit: 2419
Processor Information for processor 3
  Max Mhz: 2419, Current Mhz: 1209, Mhz Limit: 2419
Processor Information for processor 4
  Max Mhz: 2419, Current Mhz: 1209, Mhz Limit: 2419
Processor Information for processor 5
  Max Mhz: 2419, Current Mhz: 2419, Mhz Limit: 2419
Processor Information for processor 6
  Max Mhz: 2419, Current Mhz: 1209, Mhz Limit: 2419
Processor Information for processor 7
  Max Mhz: 2419, Current Mhz: 2419, Mhz Limit: 2419

Memory: 4k page, system-wide physical 12087M (1419M free)
TotalPageFile size 13367M (AvailPageFile size 269M)
current process WorkingSet (physical memory assigned to process): 121M, peak: 124M
current process commit charge ("private bytes"): 257M, peak: 261M

vm_info: OpenJDK 64-Bit Server VM (21.0.9+1-b1038.78) for windows-amd64 JRE (21.0.9+1-b1038.78), built on 2025-12-02 by "builduser" with MS VC++ 16.10 / 16.11 (VS2019)

END.
